<?xml version="1.0" encoding="UTF-8"?>
<!-- Generated by org.testng.reporters.JUnitReportReporter -->
<testsuite name="org.testing.testcases.TC3_PutRequest" tests="1" time="0.078" ignored="0" failures="0" timestamp="24 Jun 2021 05:57:27 GMT" skipped="0" hostname="LAPTOP-UF1VKL1T" errors="0">
  <testcase name="TC3" time="0.078" classname="org.testing.testcases.TC3_PutRequest"/>
</testsuite> <!-- org.testing.testcases.TC3_PutRequest -->
