<?xml version="1.0" encoding="UTF-8"?>
<!-- Generated by org.testng.reporters.JUnitReportReporter -->
<testsuite name="org.testing.testcases.TC1_PostRequest" tests="1" time="1.442" ignored="0" failures="0" timestamp="24 Jun 2021 05:57:27 GMT" skipped="0" hostname="LAPTOP-UF1VKL1T" errors="0">
  <testcase name="TC1" time="1.442" classname="org.testing.testcases.TC1_PostRequest"/>
</testsuite> <!-- org.testing.testcases.TC1_PostRequest -->
